<?xml version="1.0" encoding="UTF-8"?>
<testsuite xmlns:xsi="http://www.w3.org/2001/XMLSchema-instance" xsi:noNamespaceSchemaLocation="https://maven.apache.org/surefire/maven-surefire-plugin/xsd/surefire-test-report.xsd" name="com.jt.redis.TestRedisSentinel" time="1.014" tests="1" errors="1" skipped="0" failures="0">
  <properties>
[...]
</properties>
  <testcase name="test01" classname="com.jt.redis.TestRedisSentinel" time="1.012">
    <error message="All sentinels down, cannot determine where is mymaster master is running..." type="redis.clients.jedis.exceptions.JedisConnectionException">redis.clients.jedis.exceptions.JedisConnectionException: All sentinels down, cannot determine where is mymaster master is running...
	at com.jt.redis.TestRedisSentinel.test01(TestRedisSentinel.java:20)
</error>
    <system-out><![CDATA[工具Api的结果192.168.96.133:26379
]]></system-out>
    <system-err><![CDATA[一月 18, 2020 5:42:56 下午 redis.clients.jedis.JedisSentinelPool initSentinels
信息: Trying to find master from available Sentinels...
一月 18, 2020 5:42:57 下午 redis.clients.jedis.JedisSentinelPool initSentinels
警告: Cannot get master address from sentinel running @ 192.168.96.133:26379. Reason: redis.clients.jedis.exceptions.JedisConnectionException: Failed connecting to host 192.168.96.133:26379. Trying next one.
]]></system-err>
  </testcase>
</testsuite>